Flow report for CPU_16bit
Mon Nov 14 10:53:57 2022
Quartus Prime Version 20.1.1 Build 720 11/11/2020 SJ Lite Edition


---------------------
; Table of Contents ;
---------------------
  1. Legal Notice
  2. Flow Summary
  3. Flow Settings
  4. Flow Non-Default Global Settings
  5. Flow Elapsed Time
  6. Flow OS Summary
  7. Flow Log
  8. Flow Messages
  9. Flow Suppressed Messages



----------------
; Legal Notice ;
----------------
Copyright (C) 2020  Intel Corporation. All rights reserved.
Your use of Intel Corporation's design tools, logic functions 
and other software and tools, and any partner logic 
functions, and any output files from any of the foregoing 
(including device programming or simulation files), and any 
associated documentation or information are expressly subject 
to the terms and conditions of the Intel Program License 
Subscription Agreement, the Intel Quartus Prime License Agreement,
the Intel FPGA IP License Agreement, or other applicable license
agreement, including, without limitation, that your use is for
the sole purpose of programming logic devices manufactured by
Intel and sold by Intel or its authorized distributors.  Please
refer to the applicable agreement for further details, at
https://fpgasoftware.intel.com/eula.



+----------------------------------------------------------------------------------+
; Flow Summary                                                                     ;
+------------------------------------+---------------------------------------------+
; Flow Status                        ; Successful - Mon Nov 14 10:53:57 2022       ;
; Quartus Prime Version              ; 20.1.1 Build 720 11/11/2020 SJ Lite Edition ;
; Revision Name                      ; CPU_16bit                                   ;
; Top-level Entity Name              ; CPU                                         ;
; Family                             ; MAX 10                                      ;
; Device                             ; 10M50DAF484C7G                              ;
; Timing Models                      ; Final                                       ;
; Total logic elements               ; 347 / 49,760 ( < 1 % )                      ;
;     Total combinational functions  ; 291 / 49,760 ( < 1 % )                      ;
;     Dedicated logic registers      ; 162 / 49,760 ( < 1 % )                      ;
; Total registers                    ; 162                                         ;
; Total pins                         ; 104 / 360 ( 29 % )                          ;
; Total virtual pins                 ; 0                                           ;
; Total memory bits                  ; 0 / 1,677,312 ( 0 % )                       ;
; Embedded Multiplier 9-bit elements ; 0 / 288 ( 0 % )                             ;
; Total PLLs                         ; 0 / 4 ( 0 % )                               ;
; UFM blocks                         ; 0 / 1 ( 0 % )                               ;
; ADC blocks                         ; 0 / 2 ( 0 % )                               ;
+------------------------------------+---------------------------------------------+


+-----------------------------------------+
; Flow Settings                           ;
+-------------------+---------------------+
; Option            ; Setting             ;
+-------------------+---------------------+
; Start date & time ; 11/14/2022 10:53:32 ;
; Main task         ; Compilation         ;
; Revision Name     ; CPU_16bit           ;
+-------------------+---------------------+


+------------------------------------------------------------------------------------------------------------------------------------------------+
; Flow Non-Default Global Settings                                                                                                               ;
+-------------------------------------+----------------------------------------+---------------+-------------+-----------------------------------+
; Assignment Name                     ; Value                                  ; Default Value ; Entity Name ; Section Id                        ;
+-------------------------------------+----------------------------------------+---------------+-------------+-----------------------------------+
; ALLOW_REGISTER_DUPLICATION          ; Off                                    ; On            ; --          ; --                                ;
; ALLOW_REGISTER_MERGING              ; Off                                    ; On            ; --          ; --                                ;
; ALLOW_REGISTER_RETIMING             ; Off                                    ; On            ; --          ; --                                ;
; AUTO_DELAY_CHAINS                   ; Off                                    ; On            ; --          ; --                                ;
; AUTO_GLOBAL_CLOCK                   ; Off                                    ; On            ; --          ; --                                ;
; AUTO_GLOBAL_REGISTER_CONTROLS       ; Off                                    ; On            ; --          ; --                                ;
; AUTO_MERGE_PLLS                     ; Off                                    ; On            ; --          ; --                                ;
; COMPILER_SIGNATURE_ID               ; 185410946495776.166839441208068        ; --            ; --          ; --                                ;
; EDA_GENERATE_FUNCTIONAL_NETLIST     ; Off                                    ; --            ; --          ; eda_board_design_timing           ;
; EDA_GENERATE_FUNCTIONAL_NETLIST     ; Off                                    ; --            ; --          ; eda_board_design_boundary_scan    ;
; EDA_GENERATE_FUNCTIONAL_NETLIST     ; Off                                    ; --            ; --          ; eda_board_design_signal_integrity ;
; EDA_GENERATE_FUNCTIONAL_NETLIST     ; Off                                    ; --            ; --          ; eda_board_design_symbol           ;
; EDA_OUTPUT_DATA_FORMAT              ; Verilog Hdl                            ; --            ; --          ; eda_simulation                    ;
; EDA_SIMULATION_TOOL                 ; ModelSim-Altera (Verilog)              ; <None>        ; --          ; --                                ;
; EDA_TIME_SCALE                      ; 1 ps                                   ; --            ; --          ; eda_simulation                    ;
; ENABLE_BENEFICIAL_SKEW_OPTIMIZATION ; Off                                    ; On            ; --          ; --                                ;
; IO_PLACEMENT_OPTIMIZATION           ; Off                                    ; On            ; --          ; --                                ;
; MAX_CORE_JUNCTION_TEMP              ; 85                                     ; --            ; --          ; --                                ;
; MIN_CORE_JUNCTION_TEMP              ; 0                                      ; --            ; --          ; --                                ;
; OPTIMIZE_FOR_METASTABILITY          ; Off                                    ; On            ; --          ; --                                ;
; OPTIMIZE_MULTI_CORNER_TIMING        ; Off                                    ; On            ; --          ; --                                ;
; PARTITION_COLOR                     ; -- (Not supported for targeted family) ; --            ; CPU         ; Top                               ;
; PARTITION_FITTER_PRESERVATION_LEVEL ; -- (Not supported for targeted family) ; --            ; CPU         ; Top                               ;
; PARTITION_NETLIST_TYPE              ; -- (Not supported for targeted family) ; --            ; CPU         ; Top                               ;
; POWER_BOARD_THERMAL_MODEL           ; None (CONSERVATIVE)                    ; --            ; --          ; --                                ;
; POWER_PRESET_COOLING_SOLUTION       ; 23 MM HEAT SINK WITH 200 LFPM AIRFLOW  ; --            ; --          ; --                                ;
; REMOVE_DUPLICATE_REGISTERS          ; Off                                    ; On            ; --          ; --                                ;
; ROUTER_REGISTER_DUPLICATION         ; Off                                    ; Auto          ; --          ; --                                ;
; TOP_LEVEL_ENTITY                    ; CPU                                    ; CPU_16bit     ; --          ; --                                ;
+-------------------------------------+----------------------------------------+---------------+-------------+-----------------------------------+


+--------------------------------------------------------------------------------------------------------------------------+
; Flow Elapsed Time                                                                                                        ;
+----------------------+--------------+-------------------------+---------------------+------------------------------------+
; Module Name          ; Elapsed Time ; Average Processors Used ; Peak Virtual Memory ; Total CPU Time (on all processors) ;
+----------------------+--------------+-------------------------+---------------------+------------------------------------+
; Analysis & Synthesis ; 00:00:07     ; 1.0                     ; 4853 MB             ; 00:00:15                           ;
; Fitter               ; 00:00:09     ; 1.2                     ; 6239 MB             ; 00:00:15                           ;
; Assembler            ; 00:00:02     ; 1.0                     ; 4690 MB             ; 00:00:02                           ;
; Timing Analyzer      ; 00:00:02     ; 2.2                     ; 4935 MB             ; 00:00:05                           ;
; EDA Netlist Writer   ; 00:00:01     ; 1.0                     ; 4645 MB             ; 00:00:00                           ;
; Total                ; 00:00:21     ; --                      ; --                  ; 00:00:37                           ;
+----------------------+--------------+-------------------------+---------------------+------------------------------------+


+------------------------------------------------------------------------------------+
; Flow OS Summary                                                                    ;
+----------------------+------------------+------------+------------+----------------+
; Module Name          ; Machine Hostname ; OS Name    ; OS Version ; Processor type ;
+----------------------+------------------+------------+------------+----------------+
; Analysis & Synthesis ; Alan-PC          ; Windows 10 ; 10.0       ; x86_64         ;
; Fitter               ; Alan-PC          ; Windows 10 ; 10.0       ; x86_64         ;
; Assembler            ; Alan-PC          ; Windows 10 ; 10.0       ; x86_64         ;
; Timing Analyzer      ; Alan-PC          ; Windows 10 ; 10.0       ; x86_64         ;
; EDA Netlist Writer   ; Alan-PC          ; Windows 10 ; 10.0       ; x86_64         ;
+----------------------+------------------+------------+------------+----------------+


------------
; Flow Log ;
------------
quartus_map --read_settings_files=on --write_settings_files=off CPU_16bit -c CPU_16bit
quartus_fit --read_settings_files=off --write_settings_files=off CPU_16bit -c CPU_16bit
quartus_asm --read_settings_files=off --write_settings_files=off CPU_16bit -c CPU_16bit
quartus_sta CPU_16bit -c CPU_16bit
quartus_eda --read_settings_files=off --write_settings_files=off CPU_16bit -c CPU_16bit



